Started by user [8mha:////4LuO3tl/A9H8w1qneLFWFaxsRMDkHr/4ruWo0VPHWCbtAAAAlx+LCAAAAAAAAP9b85aBtbiIQTGjNKU4P08vOT+vOD8nVc83PyU1x6OyILUoJzMv2y+/JJUBAhiZGBgqihhk0NSjKDWzXb3RdlLBUSYGJk8GtpzUvPSSDB8G5tKinBIGIZ+sxLJE/ZzEvHT94JKizLx0a6BxUmjGOUNodHsLgAzmEgZu/dLi1CL9jMSclEoAg3YXAsAAAAA=[0mA K
Building in workspace C:\Users\haldy\.jenkins\workspace\JUnit
 > git.exe rev-parse --is-inside-work-tree # timeout=10
Fetching changes from the remote Git repository
 > git.exe config remote.origin.url //packager/packager/haldy project/remoteGIT # timeout=10
Fetching upstream changes from //packager/packager/haldy project/remoteGIT
 > git.exe --version # timeout=10
 > git.exe fetch --tags --progress //packager/packager/haldy project/remoteGIT +refs/heads/*:refs/remotes/origin/*
 > git.exe rev-parse "refs/remotes/origin/dev^{commit}" # timeout=10
 > git.exe rev-parse "refs/remotes/origin/origin/dev^{commit}" # timeout=10
Checking out Revision 360bca90c6c1e648a35aa4082d576f8238cf5ac9 (refs/remotes/origin/dev)
Commit message: "Jenkins 14"
 > git.exe config core.sparsecheckout # timeout=10
 > git.exe checkout -f 360bca90c6c1e648a35aa4082d576f8238cf5ac9
 > git.exe rev-list 360bca90c6c1e648a35aa4082d576f8238cf5ac9 # timeout=10
[JUnit] $ cmd.exe /C "mvn compiler:compile && exit %%ERRORLEVEL%%"
[INFO] Scanning for projects...
[INFO] 
[INFO] ------------------------------------------------------------------------
[INFO] Building remoteGIT 1.3
[INFO] ------------------------------------------------------------------------
[INFO] 
[8mha:////4E7GjZVK+jCKXalGBnXpLe2sgcuWNTzVEUntrp3DH0AaAAAAYB+LCAAAAAAAAP9b85aBtbiIQSmjNKU4P0+vJLE4u1gvPjexLDVPzxdEGvvmZ+X75ZekLlOVfvTjc8FPJgaGiiIGKaiG5Py84vycVD1nCA1SyAABjCCFBQCV27OjYAAAAA==[0m[INFO] --- maven-compiler-plugin:3.6.1:compile (default-cli) @ remoteGIT ---
[INFO] Nothing to compile - all classes are up to date
[INFO] ------------------------------------------------------------------------
[INFO] BUILD SUCCESS
[INFO] ------------------------------------------------------------------------
[INFO] Total time: 1.544 s
[INFO] Finished at: 2017-07-19T15:41:10+02:00
[INFO] Final Memory: 10M/243M
[INFO] ------------------------------------------------------------------------
[JUnit] $ cmd.exe /C "mvn surefire:test && exit %%ERRORLEVEL%%"
[INFO] Scanning for projects...
[INFO] 
[INFO] ------------------------------------------------------------------------
[INFO] Building remoteGIT 1.3
[INFO] ------------------------------------------------------------------------
[INFO] 
[8mha:////4E7GjZVK+jCKXalGBnXpLe2sgcuWNTzVEUntrp3DH0AaAAAAYB+LCAAAAAAAAP9b85aBtbiIQSmjNKU4P0+vJLE4u1gvPjexLDVPzxdEGvvmZ+X75ZekLlOVfvTjc8FPJgaGiiIGKaiG5Py84vycVD1nCA1SyAABjCCFBQCV27OjYAAAAA==[0m[INFO] --- maven-surefire-plugin:2.20:test (default-cli) @ remoteGIT ---
[INFO] No tests to run.
[INFO] ------------------------------------------------------------------------
[INFO] BUILD SUCCESS
[INFO] ------------------------------------------------------------------------
[INFO] Total time: 1.396 s
[INFO] Finished at: 2017-07-19T15:41:12+02:00
[INFO] Final Memory: 11M/243M
[INFO] ------------------------------------------------------------------------
[JUnit] $ cmd.exe /C "ant.bat -file pom.xml && exit %%ERRORLEVEL%%"
'ant.bat' is not recognized as an internal or external command,
operable program or batch file.
Build step 'Invoke Ant' marked build as failure
Recording test results
ERROR: Step ‘Publish JUnit test result report’ aborted due to exception: 
[8mha:////4Ar/B0mPGGZfhvdhfMrK8Qb+aC5C9o2gJVZXjdtu0JKTAAAAVx+LCAAAAAAAAP9b85aBtbiIQSmjNKU4P08vOT+vOD8nVc8DzHWtSE4tKMnMz/PLL0mV3NWzufebKBsTA0NFEYMUmgZnCA1SyAABjCCFBQC2xNaiYAAAAA==[0morg.dom4j.DocumentException: Error on line 1 of document file:///C:/Users/haldy/.jenkins/workspace/JUnit/target/maven-status/maven-compiler-plugin/compile/default-cli/inputFiles.lst : Content is not allowed in prolog. Nested exception: Content is not allowed in prolog.
	at org.dom4j.io.SAXReader.read(SAXReader.java:482)
	at org.dom4j.io.SAXReader.read(SAXReader.java:264)
	at hudson.tasks.junit.SuiteResult.parse(SuiteResult.java:126)
	at hudson.tasks.junit.TestResult.parse(TestResult.java:302)
	at hudson.tasks.junit.TestResult.parsePossiblyEmpty(TestResult.java:244)
	at hudson.tasks.junit.TestResult.parse(TestResult.java:175)
	at hudson.tasks.junit.TestResult.parse(TestResult.java:154)
	at hudson.tasks.junit.TestResult.<init>(TestResult.java:126)
	at hudson.tasks.junit.JUnitParser$ParseResultCallable.invoke(JUnitParser.java:132)
	at hudson.tasks.junit.JUnitParser$ParseResultCallable.invoke(JUnitParser.java:107)
	at hudson.FilePath.act(FilePath.java:997)
	at hudson.FilePath.act(FilePath.java:975)
	at hudson.tasks.junit.JUnitParser.parseResult(JUnitParser.java:103)
	at hudson.tasks.junit.JUnitResultArchiver.parse(JUnitResultArchiver.java:128)
	at hudson.tasks.junit.JUnitResultArchiver.perform(JUnitResultArchiver.java:149)
	at hudson.tasks.BuildStepCompatibilityLayer.perform(BuildStepCompatibilityLayer.java:81)
	at hudson.tasks.BuildStepMonitor$1.perform(BuildStepMonitor.java:20)
	at hudson.model.AbstractBuild$AbstractBuildExecution.perform(AbstractBuild.java:735)
	at hudson.model.AbstractBuild$AbstractBuildExecution.performAllBuildSteps(AbstractBuild.java:676)
	at hudson.model.Build$BuildExecution.post2(Build.java:186)
	at hudson.model.AbstractBuild$AbstractBuildExecution.post(AbstractBuild.java:621)
	at hudson.model.Run.execute(Run.java:1760)
	at hudson.model.FreeStyleBuild.run(FreeStyleBuild.java:43)
	at hudson.model.ResourceController.execute(ResourceController.java:97)
	at hudson.model.Executor.run(Executor.java:405)
Caused by: org.xml.sax.SAXParseException; systemId: file:///C:/Users/haldy/.jenkins/workspace/JUnit/target/maven-status/maven-compiler-plugin/compile/default-cli/inputFiles.lst; lineNumber: 1; columnNumber: 1; Content is not allowed in prolog.
	at com.sun.org.apache.xerces.internal.util.ErrorHandlerWrapper.createSAXParseException(Unknown Source)
	at com.sun.org.apache.xerces.internal.util.ErrorHandlerWrapper.fatalError(Unknown Source)
	at com.sun.org.apache.xerces.internal.impl.XMLErrorReporter.reportError(Unknown Source)
	at com.sun.org.apache.xerces.internal.impl.XMLErrorReporter.reportError(Unknown Source)
	at com.sun.org.apache.xerces.internal.impl.XMLScanner.reportFatalError(Unknown Source)
	at com.sun.org.apache.xerces.internal.impl.XMLDocumentScannerImpl$PrologDriver.next(Unknown Source)
	at com.sun.org.apache.xerces.internal.impl.XMLDocumentScannerImpl.next(Unknown Source)
	at com.sun.org.apache.xerces.internal.impl.XMLNSDocumentScannerImpl.next(Unknown Source)
	at com.sun.org.apache.xerces.internal.impl.XMLDocumentFragmentScannerImpl.scanDocument(Unknown Source)
	at com.sun.org.apache.xerces.internal.parsers.XML11Configuration.parse(Unknown Source)
	at com.sun.org.apache.xerces.internal.parsers.XML11Configuration.parse(Unknown Source)
	at com.sun.org.apache.xerces.internal.parsers.XMLParser.parse(Unknown Source)
	at com.sun.org.apache.xerces.internal.parsers.AbstractSAXParser.parse(Unknown Source)
	at com.sun.org.apache.xerces.internal.jaxp.SAXParserImpl$JAXPSAXParser.parse(Unknown Source)
	at org.dom4j.io.SAXReader.read(SAXReader.java:465)
	... 24 more
Nested exception: 
org.xml.sax.SAXParseException; systemId: file:///C:/Users/haldy/.jenkins/workspace/JUnit/target/maven-status/maven-compiler-plugin/compile/default-cli/inputFiles.lst; lineNumber: 1; columnNumber: 1; Content is not allowed in prolog.
	at com.sun.org.apache.xerces.internal.util.ErrorHandlerWrapper.createSAXParseException(Unknown Source)
	at com.sun.org.apache.xerces.internal.util.ErrorHandlerWrapper.fatalError(Unknown Source)
	at com.sun.org.apache.xerces.internal.impl.XMLErrorReporter.reportError(Unknown Source)
	at com.sun.org.apache.xerces.internal.impl.XMLErrorReporter.reportError(Unknown Source)
	at com.sun.org.apache.xerces.internal.impl.XMLScanner.reportFatalError(Unknown Source)
	at com.sun.org.apache.xerces.internal.impl.XMLDocumentScannerImpl$PrologDriver.next(Unknown Source)
	at com.sun.org.apache.xerces.internal.impl.XMLDocumentScannerImpl.next(Unknown Source)
	at com.sun.org.apache.xerces.internal.impl.XMLNSDocumentScannerImpl.next(Unknown Source)
	at com.sun.org.apache.xerces.internal.impl.XMLDocumentFragmentScannerImpl.scanDocument(Unknown Source)
	at com.sun.org.apache.xerces.internal.parsers.XML11Configuration.parse(Unknown Source)
	at com.sun.org.apache.xerces.internal.parsers.XML11Configuration.parse(Unknown Source)
	at com.sun.org.apache.xerces.internal.parsers.XMLParser.parse(Unknown Source)
	at com.sun.org.apache.xerces.internal.parsers.AbstractSAXParser.parse(Unknown Source)
	at com.sun.org.apache.xerces.internal.jaxp.SAXParserImpl$JAXPSAXParser.parse(Unknown Source)
	at org.dom4j.io.SAXReader.read(SAXReader.java:465)
	at org.dom4j.io.SAXReader.read(SAXReader.java:264)
	at hudson.tasks.junit.SuiteResult.parse(SuiteResult.java:126)
	at hudson.tasks.junit.TestResult.parse(TestResult.java:302)
	at hudson.tasks.junit.TestResult.parsePossiblyEmpty(TestResult.java:244)
	at hudson.tasks.junit.TestResult.parse(TestResult.java:175)
	at hudson.tasks.junit.TestResult.parse(TestResult.java:154)
	at hudson.tasks.junit.TestResult.<init>(TestResult.java:126)
	at hudson.tasks.junit.JUnitParser$ParseResultCallable.invoke(JUnitParser.java:132)
	at hudson.tasks.junit.JUnitParser$ParseResultCallable.invoke(JUnitParser.java:107)
	at hudson.FilePath.act(FilePath.java:997)
	at hudson.FilePath.act(FilePath.java:975)
	at hudson.tasks.junit.JUnitParser.parseResult(JUnitParser.java:103)
	at hudson.tasks.junit.JUnitResultArchiver.parse(JUnitResultArchiver.java:128)
	at hudson.tasks.junit.JUnitResultArchiver.perform(JUnitResultArchiver.java:149)
	at hudson.tasks.BuildStepCompatibilityLayer.perform(BuildStepCompatibilityLayer.java:81)
	at hudson.tasks.BuildStepMonitor$1.perform(BuildStepMonitor.java:20)
	at hudson.model.AbstractBuild$AbstractBuildExecution.perform(AbstractBuild.java:735)
	at hudson.model.AbstractBuild$AbstractBuildExecution.performAllBuildSteps(AbstractBuild.java:676)
	at hudson.model.Build$BuildExecution.post2(Build.java:186)
	at hudson.model.AbstractBuild$AbstractBuildExecution.post(AbstractBuild.java:621)
	at hudson.model.Run.execute(Run.java:1760)
	at hudson.model.FreeStyleBuild.run(FreeStyleBuild.java:43)
	at hudson.model.ResourceController.execute(ResourceController.java:97)
	at hudson.model.Executor.run(Executor.java:405)
Caused: java.io.IOException: Failed to read C:\Users\haldy\.jenkins\workspace\JUnit\target\maven-status\maven-compiler-plugin\compile\default-cli\inputFiles.lst
Is this really a JUnit report file? Your configuration must be matching too many files
	at hudson.tasks.junit.TestResult.parse(TestResult.java:310)
	at hudson.tasks.junit.TestResult.parsePossiblyEmpty(TestResult.java:244)
	at hudson.tasks.junit.TestResult.parse(TestResult.java:175)
	at hudson.tasks.junit.TestResult.parse(TestResult.java:154)
	at hudson.tasks.junit.TestResult.<init>(TestResult.java:126)
	at hudson.tasks.junit.JUnitParser$ParseResultCallable.invoke(JUnitParser.java:132)
	at hudson.tasks.junit.JUnitParser$ParseResultCallable.invoke(JUnitParser.java:107)
	at hudson.FilePath.act(FilePath.java:997)
	at hudson.FilePath.act(FilePath.java:975)
	at hudson.tasks.junit.JUnitParser.parseResult(JUnitParser.java:103)
	at hudson.tasks.junit.JUnitResultArchiver.parse(JUnitResultArchiver.java:128)
	at hudson.tasks.junit.JUnitResultArchiver.perform(JUnitResultArchiver.java:149)
	at hudson.tasks.BuildStepCompatibilityLayer.perform(BuildStepCompatibilityLayer.java:81)
	at hudson.tasks.BuildStepMonitor$1.perform(BuildStepMonitor.java:20)
	at hudson.model.AbstractBuild$AbstractBuildExecution.perform(AbstractBuild.java:735)
	at hudson.model.AbstractBuild$AbstractBuildExecution.performAllBuildSteps(AbstractBuild.java:676)
	at hudson.model.Build$BuildExecution.post2(Build.java:186)
	at hudson.model.AbstractBuild$AbstractBuildExecution.post(AbstractBuild.java:621)
	at hudson.model.Run.execute(Run.java:1760)
	at hudson.model.FreeStyleBuild.run(FreeStyleBuild.java:43)
	at hudson.model.ResourceController.execute(ResourceController.java:97)
	at hudson.model.Executor.run(Executor.java:405)
Finished: FAILURE
