Started by user [8mha:////4LuO3tl/A9H8w1qneLFWFaxsRMDkHr/4ruWo0VPHWCbtAAAAlx+LCAAAAAAAAP9b85aBtbiIQTGjNKU4P08vOT+vOD8nVc83PyU1x6OyILUoJzMv2y+/JJUBAhiZGBgqihhk0NSjKDWzXb3RdlLBUSYGJk8GtpzUvPSSDB8G5tKinBIGIZ+sxLJE/ZzEvHT94JKizLx0a6BxUmjGOUNodHsLgAzmEgZu/dLi1CL9jMSclEoAg3YXAsAAAAA=[0mA K
Building in workspace C:\Users\haldy\.jenkins\workspace\JUnit
 > git.exe rev-parse --is-inside-work-tree # timeout=10
Fetching changes from the remote Git repository
 > git.exe config remote.origin.url //packager/packager/haldy project/remoteGIT # timeout=10
Fetching upstream changes from //packager/packager/haldy project/remoteGIT
 > git.exe --version # timeout=10
 > git.exe fetch --tags --progress //packager/packager/haldy project/remoteGIT +refs/heads/*:refs/remotes/origin/*
 > git.exe rev-parse "refs/remotes/origin/dev^{commit}" # timeout=10
 > git.exe rev-parse "refs/remotes/origin/origin/dev^{commit}" # timeout=10
Checking out Revision 360bca90c6c1e648a35aa4082d576f8238cf5ac9 (refs/remotes/origin/dev)
Commit message: "Jenkins 14"
 > git.exe config core.sparsecheckout # timeout=10
 > git.exe checkout -f 360bca90c6c1e648a35aa4082d576f8238cf5ac9
 > git.exe rev-list 360bca90c6c1e648a35aa4082d576f8238cf5ac9 # timeout=10
[JUnit] $ cmd.exe /C "mvn compiler:compile && exit %%ERRORLEVEL%%"
[INFO] Scanning for projects...
[INFO] 
[INFO] ------------------------------------------------------------------------
[INFO] Building remoteGIT 1.3
[INFO] ------------------------------------------------------------------------
[INFO] 
[8mha:////4E7GjZVK+jCKXalGBnXpLe2sgcuWNTzVEUntrp3DH0AaAAAAYB+LCAAAAAAAAP9b85aBtbiIQSmjNKU4P0+vJLE4u1gvPjexLDVPzxdEGvvmZ+X75ZekLlOVfvTjc8FPJgaGiiIGKaiG5Py84vycVD1nCA1SyAABjCCFBQCV27OjYAAAAA==[0m[INFO] --- maven-compiler-plugin:3.6.1:compile (default-cli) @ remoteGIT ---
[INFO] Nothing to compile - all classes are up to date
[INFO] ------------------------------------------------------------------------
[INFO] BUILD SUCCESS
[INFO] ------------------------------------------------------------------------
[INFO] Total time: 1.153 s
[INFO] Finished at: 2017-07-19T15:55:46+02:00
[INFO] Final Memory: 10M/243M
[INFO] ------------------------------------------------------------------------
[xUnit] [INFO] - Starting to record.
[xUnit] [INFO] - Processing JUnit
[xUnit] [INFO] - [JUnit] - 1 test report file(s) were found with the pattern 'pom.xml' relative to 'C:\Users\haldy\.jenkins\workspace\JUnit' for the testing framework 'JUnit'.
[xUnit] [ERROR] - There is at least one problem. Check the Jenkins system log for more information. (if you don't have configured yet the system log before, you have to rebuild).
[xUnit] [INFO] - Setting the build status to FAILURE
[xUnit] [INFO] - Stopping recording.
Build step 'Process xUnit test result report' changed build result to FAILURE
Finished: FAILURE
